<?xml version="1.0" encoding="UTF-8"?>
<testng-results ignored="0" total="1" passed="1" failed="0" skipped="0">
  <reporter-output>
  </reporter-output>
  <suite started-at="2022-12-14T18:50:55Z" name="Default suite" finished-at="2022-12-14T18:52:58Z" duration-ms="122761">
    <groups>
    </groups>
    <test started-at="2022-12-14T18:50:55Z" name="Default test" finished-at="2022-12-14T18:52:58Z" duration-ms="122761">
      <class name="test.WahooTest">
        <test-method is-config="true" signature="setUp()[pri:0, instance:test.WahooTest@6bbe85a8]" started-at="2022-12-14T13:50:56Z" name="setUp" finished-at="2022-12-14T13:50:59Z" duration-ms="2762" status="PASS">
          <reporter-output>
          </reporter-output>
        </test-method> <!-- setUp -->
        <test-method signature="Wahoo(java.lang.String, java.lang.String, java.lang.String, java.lang.String, java.lang.String, java.lang.String, java.lang.String, java.lang.String, java.lang.String, java.lang.String, java.lang.String, java.lang.String)[pri:0, instance:test.WahooTest@6bbe85a8]" started-at="2022-12-14T13:50:59Z" name="Wahoo" data-provider="WahooCheckoutData" finished-at="2022-12-14T13:52:58Z" duration-ms="119686" status="PASS">
          <params>
            <param index="0">
              <value>
                <![CDATA[someone@whocares.com]]>
              </value>
            </param>
            <param index="1">
              <value>
                <![CDATA[Test]]>
              </value>
            </param>
            <param index="2">
              <value>
                <![CDATA[Tester]]>
              </value>
            </param>
            <param index="3">
              <value>
                <![CDATA[3145 Rochambeau Ave]]>
              </value>
            </param>
            <param index="4">
              <value>
                <![CDATA[Bronx]]>
              </value>
            </param>
            <param index="5">
              <value>
                <![CDATA[New York]]>
              </value>
            </param>
            <param index="6">
              <value>
                <![CDATA[United States]]>
              </value>
            </param>
            <param index="7">
              <value>
                <![CDATA[10467]]>
              </value>
            </param>
            <param index="8">
              <value>
                <![CDATA[3478182315]]>
              </value>
            </param>
            <param index="9">
              <value>
                <![CDATA[4111111111111111]]>
              </value>
            </param>
            <param index="10">
              <value>
                <![CDATA[824]]>
              </value>
            </param>
            <param index="11">
              <value>
                <![CDATA[1111]]>
              </value>
            </param>
          </params>
          <reporter-output>
          </reporter-output>
        </test-method> <!-- Wahoo -->
      </class> <!-- test.WahooTest -->
    </test> <!-- Default test -->
  </suite> <!-- Default suite -->
</testng-results>
